2026-01-16
392G	/export/home/e20397
277G	/export/home/shakthip
258G	/export/home/e17380
218G	/export/home/e14339
190G	/export/home/e19163
176G	/export/home/e19372
166G	/export/home/e17190
158G	/export/home/e18118
153G	/export/home/venujas
139G	/export/home/e17207
132G	/export/home/e16168
132G	/export/home/buddhiw
126G	/export/home/liyanagek
113G	/export/home/e14240
111G	/export/home/e17358
107G	/export/home/e15139
102G	/export/home/e17154
96G	/export/home/e17072
95G	/export/home/e16057
92G	/export/home/e18173
90G	/export/home/e17194
89G	/export/home/e19249
88G	/export/home/e16078
82G	/export/home/e18282
80G	/export/home/e18030
73G	/export/home/e18283
73G	/export/home/e17252
73G	/export/home/e15280
73G	/export/home/e14237
70G	/export/home/e16369
69G	/export/home/e17369
69G	/export/home/e15154
68G	/export/home/e20121
67G	/export/home/e15347
66G	/export/home/e19063
65G	/export/home/e20286
65G	/export/home/e15092
64G	/export/home/e17342
61G	/export/home/e17201
60G	/export/home/krishnas
58G	/export/home/e16261
57G	/export/home/e17134
53G	/export/home/e18098
51G	/export/home/e20248
51G	/export/home/e17296
51G	/export/home/e15209
48G	/export/home/e16172
48G	/export/home/e15390
47G	/export/home/e16054
46G	/export/home/e19094
45G	/export/home/e18245
43G	/export/home/e20363
43G	/export/home/e20197
43G	/export/home/avishkap
42G	/export/home/e23076
42G	/export/home/e18368
42G	/export/home/e13058
41G	/export/home/e20094
41G	/export/home/e17256
40G	/export/home/e17044
39G	/export/home/e20032
39G	/export/home/e19408
38G	/export/home/e13366
38G	/export/home/ce-shared-files
37G	/export/home/e19366
37G	/export/home/e17284
35G	/export/home/e20069
35G	/export/home/e17012
33G	/export/home/e17058
33G	/export/home/e14158
33G	/export/home/dinushans
32G	/export/home/e18398
32G	/export/home/e17006
31G	/export/home/e19409
30G	/export/home/testuser
30G	/export/home/pramuka
30G	/export/home/e19452
30G	/export/home/e17331
29G	/export/home/e19129
29G	/export/home/e17407
28G	/export/home/e14317
27G	/export/home/e20037
27G	/export/home/e19266
27G	/export/home/e18402
27G	/export/home/e18155
26G	/export/home/e19210
26G	/export/home/e19008
26G	/export/home/e16332
26G	/export/home/e16203
25G	/export/home/e19431
25G	/export/home/e18297
24G	/export/home/e20133
24G	/export/home/e19455
24G	/export/home/e18382
24G	/export/home/e17018
24G	/export/home/e15387
24G	/export/home/e15373
23G	/export/home/e19057
23G	/export/home/e18373
23G	/export/home/e16368
23G	/export/home/e15346
22G	/export/home/e20284
22G	/export/home/e20009
22G	/export/home/e19424
22G	/export/home/e16366
22G	/export/home/e16088
21G	/export/home/rukshanip
21G	/export/home/e20211
21G	/export/home/e20189
21G	/export/home/e19060
21G	/export/home/e18397
21G	/export/home/e15187
20G	/export/home/vithursant
20G	/export/home/e18330
20G	/export/home/e17230
20G	/export/home/e14194
19G	/export/home/e18128
19G	/export/home/e18022
18G	/export/home/e15299
17G	/export/home/nimishans
17G	/export/home/e20231
17G	/export/home/e18230
17G	/export/home/e16134
17G	/export/home/e15383
17G	/export/home/e14213
17G	/export/home/e14080
16G	/export/home/e20055
16G	/export/home/e18366
16G	/export/home/e15265
16G	/export/home/e14262
15G	/export/home/e19423
15G	/export/home/e15065
15G	/export/home/e14216
14G	/export/home/e19446
14G	/export/home/e19009
14G	/export/home/e16388
14G	/export/home/e16081
14G	/export/home/e15324
14G	/export/home/e15208
14G	/export/home/channaf
13G	/export/home/e20279
13G	/export/home/e20254
13G	/export/home/e19494
13G	/export/home/e13277
12G	/export/home/e20439
12G	/export/home/e19309
12G	/export/home/e18147
12G	/export/home/e15179
12G	/export/home/e15023
12G	/export/home/e14379
11G	/export/home/e20157
11G	/export/home/e19253
11G	/export/home/e18318
11G	/export/home/e15325
11G	/export/home/e15316
11G	/export/home/e15233
